{"C:\\Users\\eliman\\projects\\diet-tracker\\src\\components\\Button.tsx": {"path":"C:\\Users\\eliman\\projects\\diet-tracker\\src\\components\\Button.tsx","statementMap":{"0":{"start":{"line":16,"column":15},"end":{"line":43,"column":1}},"1":{"start":{"line":26,"column":2},"end":{"line":42,"column":4}},"2":{"start":{"line":45,"column":15},"end":{"line":62,"column":2}}},"fnMap":{"0":{"name":"(anonymous_0)","decl":{"start":{"line":16,"column":15},"end":{"line":16,"column":16}},"loc":{"start":{"line":25,"column":19},"end":{"line":43,"column":1}},"line":25}},"branchMap":{"0":{"loc":{"start":{"line":19,"column":2},"end":{"line":19,"column":20}},"type":"default-arg","locations":[{"start":{"line":19,"column":9},"end":{"line":19,"column":20}}],"line":19},"1":{"loc":{"start":{"line":20,"column":2},"end":{"line":20,"column":17}},"type":"default-arg","locations":[{"start":{"line":20,"column":12},"end":{"line":20,"column":17}}],"line":20},"2":{"loc":{"start":{"line":21,"column":2},"end":{"line":21,"column":18}},"type":"default-arg","locations":[{"start":{"line":21,"column":13},"end":{"line":21,"column":18}}],"line":21},"3":{"loc":{"start":{"line":31,"column":16},"end":{"line":31,"column":35}},"type":"binary-expr","locations":[{"start":{"line":31,"column":16},"end":{"line":31,"column":24}},{"start":{"line":31,"column":28},"end":{"line":31,"column":35}}],"line":31},"4":{"loc":{"start":{"line":40,"column":7},"end":{"line":40,"column":96}},"type":"binary-expr","locations":[{"start":{"line":40,"column":7},"end":{"line":40,"column":14}},{"start":{"line":40,"column":18},"end":{"line":40,"column":96}}],"line":40}},"s":{"0":1,"1":5,"2":1},"f":{"0":5},"b":{"0":[5],"1":[3],"2":[5],"3":[5,5],"4":[5,2]},"_coverageSchema":"1a1c01bbd47fc00a2c39e90264f33305004495a9","hash":"ed7b228de3c523e9139dbfdae189bb32cdac87f8"}
,"C:\\Users\\eliman\\projects\\diet-tracker\\src\\navigation\\AppNavigator.tsx": {"path":"C:\\Users\\eliman\\projects\\diet-tracker\\src\\navigation\\AppNavigator.tsx","statementMap":{"0":{"start":{"line":5,"column":14},"end":{"line":5,"column":42}},"1":{"start":{"line":7,"column":21},"end":{"line":13,"column":1}},"2":{"start":{"line":8,"column":2},"end":{"line":12,"column":4}}},"fnMap":{"0":{"name":"(anonymous_0)","decl":{"start":{"line":7,"column":21},"end":{"line":7,"column":22}},"loc":{"start":{"line":7,"column":27},"end":{"line":13,"column":1}},"line":7}},"branchMap":{},"s":{"0":1,"1":1,"2":1},"f":{"0":1},"b":{},"_coverageSchema":"1a1c01bbd47fc00a2c39e90264f33305004495a9","hash":"2fad93293a37fdfd8a790864637293050e683281"}
,"C:\\Users\\eliman\\projects\\diet-tracker\\src\\screens\\HomeScreen.tsx": {"path":"C:\\Users\\eliman\\projects\\diet-tracker\\src\\screens\\HomeScreen.tsx","statementMap":{"0":{"start":{"line":4,"column":19},"end":{"line":11,"column":1}},"1":{"start":{"line":5,"column":2},"end":{"line":10,"column":4}},"2":{"start":{"line":13,"column":15},"end":{"line":25,"column":2}}},"fnMap":{"0":{"name":"(anonymous_0)","decl":{"start":{"line":4,"column":19},"end":{"line":4,"column":20}},"loc":{"start":{"line":4,"column":25},"end":{"line":11,"column":1}},"line":4}},"branchMap":{},"s":{"0":0,"1":0,"2":0},"f":{"0":0},"b":{}}
,"C:\\Users\\eliman\\projects\\diet-tracker\\src\\storage\\mmkvStorage.ts": {"path":"C:\\Users\\eliman\\projects\\diet-tracker\\src\\storage\\mmkvStorage.ts","statementMap":{"0":{"start":{"line":3,"column":23},"end":{"line":3,"column":33}},"1":{"start":{"line":10,"column":23},"end":{"line":12,"column":1}},"2":{"start":{"line":11,"column":2},"end":{"line":11,"column":42}},"3":{"start":{"line":20,"column":23},"end":{"line":24,"column":1}},"4":{"start":{"line":21,"column":16},"end":{"line":21,"column":38}},"5":{"start":{"line":22,"column":2},"end":{"line":22,"column":83}},"6":{"start":{"line":22,"column":27},"end":{"line":22,"column":83}},"7":{"start":{"line":23,"column":2},"end":{"line":23,"column":32}},"8":{"start":{"line":30,"column":26},"end":{"line":32,"column":1}},"9":{"start":{"line":31,"column":2},"end":{"line":31,"column":22}}},"fnMap":{"0":{"name":"(anonymous_0)","decl":{"start":{"line":10,"column":23},"end":{"line":10,"column":24}},"loc":{"start":{"line":10,"column":58},"end":{"line":12,"column":1}},"line":10},"1":{"name":"(anonymous_1)","decl":{"start":{"line":20,"column":23},"end":{"line":20,"column":24}},"loc":{"start":{"line":20,"column":71},"end":{"line":24,"column":1}},"line":20},"2":{"name":"(anonymous_2)","decl":{"start":{"line":30,"column":26},"end":{"line":30,"column":27}},"loc":{"start":{"line":30,"column":49},"end":{"line":32,"column":1}},"line":30}},"branchMap":{"0":{"loc":{"start":{"line":22,"column":2},"end":{"line":22,"column":83}},"type":"if","locations":[{"start":{"line":22,"column":2},"end":{"line":22,"column":83}},{"start":{},"end":{}}],"line":22},"1":{"loc":{"start":{"line":22,"column":34},"end":{"line":22,"column":82}},"type":"cond-expr","locations":[{"start":{"line":22,"column":63},"end":{"line":22,"column":75}},{"start":{"line":22,"column":78},"end":{"line":22,"column":82}}],"line":22}},"s":{"0":2,"1":2,"2":13,"3":2,"4":4,"5":4,"6":3,"7":1,"8":2,"9":1},"f":{"0":13,"1":4,"2":1},"b":{"0":[3,1],"1":[2,1]},"_coverageSchema":"1a1c01bbd47fc00a2c39e90264f33305004495a9","hash":"2177fa250738f9e65af80684e7fde750c0e92cb0"}
,"C:\\Users\\eliman\\projects\\diet-tracker\\src\\store\\foodStore.ts": {"path":"C:\\Users\\eliman\\projects\\diet-tracker\\src\\store\\foodStore.ts","statementMap":{"0":{"start":{"line":5,"column":26},"end":{"line":5,"column":33}},"1":{"start":{"line":37,"column":18},"end":{"line":45,"column":1}},"2":{"start":{"line":38,"column":13},"end":{"line":38,"column":28}},"3":{"start":{"line":39,"column":13},"end":{"line":39,"column":28}},"4":{"start":{"line":40,"column":2},"end":{"line":44,"column":4}},"5":{"start":{"line":48,"column":28},"end":{"line":112,"column":3}},"6":{"start":{"line":48,"column":61},"end":{"line":112,"column":1}},"7":{"start":{"line":54,"column":4},"end":{"line":59,"column":7}},"8":{"start":{"line":55,"column":23},"end":{"line":55,"column":45}},"9":{"start":{"line":57,"column":6},"end":{"line":57,"column":43}},"10":{"start":{"line":58,"column":6},"end":{"line":58,"column":33}},"11":{"start":{"line":64,"column":4},"end":{"line":69,"column":7}},"12":{"start":{"line":65,"column":23},"end":{"line":65,"column":67}},"13":{"start":{"line":65,"column":52},"end":{"line":65,"column":66}},"14":{"start":{"line":67,"column":6},"end":{"line":67,"column":43}},"15":{"start":{"line":68,"column":6},"end":{"line":68,"column":33}},"16":{"start":{"line":74,"column":4},"end":{"line":81,"column":7}},"17":{"start":{"line":75,"column":23},"end":{"line":77,"column":7}},"18":{"start":{"line":76,"column":8},"end":{"line":76,"column":55}},"19":{"start":{"line":79,"column":6},"end":{"line":79,"column":43}},"20":{"start":{"line":80,"column":6},"end":{"line":80,"column":33}},"21":{"start":{"line":86,"column":22},"end":{"line":86,"column":27}},"22":{"start":{"line":87,"column":4},"end":{"line":89,"column":57}},"23":{"start":{"line":88,"column":24},"end":{"line":88,"column":50}},"24":{"start":{"line":89,"column":31},"end":{"line":89,"column":52}},"25":{"start":{"line":94,"column":22},"end":{"line":94,"column":27}},"26":{"start":{"line":95,"column":4},"end":{"line":104,"column":8}},"27":{"start":{"line":96,"column":24},"end":{"line":96,"column":50}},"28":{"start":{"line":98,"column":30},"end":{"line":102,"column":9}},"29":{"start":{"line":109,"column":4},"end":{"line":109,"column":23}},"30":{"start":{"line":110,"column":4},"end":{"line":110,"column":35}}},"fnMap":{"0":{"name":"(anonymous_0)","decl":{"start":{"line":37,"column":18},"end":{"line":37,"column":19}},"loc":{"start":{"line":37,"column":61},"end":{"line":45,"column":1}},"line":37},"1":{"name":"(anonymous_1)","decl":{"start":{"line":48,"column":46},"end":{"line":48,"column":47}},"loc":{"start":{"line":48,"column":61},"end":{"line":112,"column":1}},"line":48},"2":{"name":"(anonymous_2)","decl":{"start":{"line":53,"column":11},"end":{"line":53,"column":12}},"loc":{"start":{"line":53,"column":31},"end":{"line":60,"column":3}},"line":53},"3":{"name":"(anonymous_3)","decl":{"start":{"line":54,"column":8},"end":{"line":54,"column":9}},"loc":{"start":{"line":54,"column":19},"end":{"line":59,"column":5}},"line":54},"4":{"name":"(anonymous_4)","decl":{"start":{"line":63,"column":14},"end":{"line":63,"column":15}},"loc":{"start":{"line":63,"column":30},"end":{"line":70,"column":3}},"line":63},"5":{"name":"(anonymous_5)","decl":{"start":{"line":64,"column":8},"end":{"line":64,"column":9}},"loc":{"start":{"line":64,"column":19},"end":{"line":69,"column":5}},"line":64},"6":{"name":"(anonymous_6)","decl":{"start":{"line":65,"column":42},"end":{"line":65,"column":43}},"loc":{"start":{"line":65,"column":52},"end":{"line":65,"column":66}},"line":65},"7":{"name":"(anonymous_7)","decl":{"start":{"line":73,"column":14},"end":{"line":73,"column":15}},"loc":{"start":{"line":73,"column":41},"end":{"line":82,"column":3}},"line":73},"8":{"name":"(anonymous_8)","decl":{"start":{"line":74,"column":8},"end":{"line":74,"column":9}},"loc":{"start":{"line":74,"column":19},"end":{"line":81,"column":5}},"line":74},"9":{"name":"(anonymous_9)","decl":{"start":{"line":75,"column":39},"end":{"line":75,"column":40}},"loc":{"start":{"line":76,"column":8},"end":{"line":76,"column":55}},"line":76},"10":{"name":"(anonymous_10)","decl":{"start":{"line":85,"column":26},"end":{"line":85,"column":27}},"loc":{"start":{"line":85,"column":44},"end":{"line":90,"column":3}},"line":85},"11":{"name":"(anonymous_11)","decl":{"start":{"line":88,"column":14},"end":{"line":88,"column":15}},"loc":{"start":{"line":88,"column":24},"end":{"line":88,"column":50}},"line":88},"12":{"name":"(anonymous_12)","decl":{"start":{"line":89,"column":14},"end":{"line":89,"column":15}},"loc":{"start":{"line":89,"column":31},"end":{"line":89,"column":52}},"line":89},"13":{"name":"(anonymous_13)","decl":{"start":{"line":93,"column":27},"end":{"line":93,"column":28}},"loc":{"start":{"line":93,"column":45},"end":{"line":105,"column":3}},"line":93},"14":{"name":"(anonymous_14)","decl":{"start":{"line":96,"column":14},"end":{"line":96,"column":15}},"loc":{"start":{"line":96,"column":24},"end":{"line":96,"column":50}},"line":96},"15":{"name":"(anonymous_15)","decl":{"start":{"line":98,"column":8},"end":{"line":98,"column":9}},"loc":{"start":{"line":98,"column":30},"end":{"line":102,"column":9}},"line":98},"16":{"name":"(anonymous_16)","decl":{"start":{"line":108,"column":9},"end":{"line":108,"column":10}},"loc":{"start":{"line":108,"column":15},"end":{"line":111,"column":3}},"line":108}},"branchMap":{"0":{"loc":{"start":{"line":41,"column":4},"end":{"line":43,"column":33}},"type":"binary-expr","locations":[{"start":{"line":41,"column":4},"end":{"line":41,"column":41}},{"start":{"line":42,"column":4},"end":{"line":42,"column":35}},{"start":{"line":43,"column":4},"end":{"line":43,"column":33}}],"line":41},"1":{"loc":{"start":{"line":50,"column":9},"end":{"line":50,"column":57}},"type":"binary-expr","locations":[{"start":{"line":50,"column":9},"end":{"line":50,"column":51}},{"start":{"line":50,"column":55},"end":{"line":50,"column":57}}],"line":50},"2":{"loc":{"start":{"line":76,"column":8},"end":{"line":76,"column":55}},"type":"cond-expr","locations":[{"start":{"line":76,"column":37},"end":{"line":76,"column":48}},{"start":{"line":76,"column":51},"end":{"line":76,"column":55}}],"line":76}},"s":{"0":1,"1":1,"2":4,"3":4,"4":4,"5":1,"6":1,"7":5,"8":5,"9":5,"10":5,"11":1,"12":1,"13":1,"14":1,"15":1,"16":1,"17":1,"18":1,"19":1,"20":1,"21":1,"22":1,"23":2,"24":2,"25":1,"26":1,"27":2,"28":2,"29":4,"30":4},"f":{"0":4,"1":1,"2":5,"3":5,"4":1,"5":1,"6":1,"7":1,"8":1,"9":1,"10":1,"11":2,"12":2,"13":1,"14":2,"15":2,"16":4},"b":{"0":[4,4,4],"1":[1,0],"2":[1,0]},"_coverageSchema":"1a1c01bbd47fc00a2c39e90264f33305004495a9","hash":"d8d060dff9b020b3bb39563a9a249429210d6e19"}
}
