TN:
SF:src\components\Button.tsx
FN:16,(anonymous_0)
FNF:1
FNH:1
FNDA:5,(anonymous_0)
DA:16,1
DA:26,5
DA:45,1
LF:3
LH:3
BRDA:19,0,0,5
BRDA:20,1,0,3
BRDA:21,2,0,5
BRDA:31,3,0,5
BRDA:31,3,1,5
BRDA:40,4,0,5
BRDA:40,4,1,2
BRF:7
BRH:7
end_of_record
TN:
SF:src\navigation\AppNavigator.tsx
FN:7,(anonymous_0)
FNF:1
FNH:1
FNDA:1,(anonymous_0)
DA:5,1
DA:7,1
DA:8,1
LF:3
LH:3
BRF:0
BRH:0
end_of_record
TN:
SF:src\screens\HomeScreen.tsx
FN:4,(anonymous_0)
FNF:1
FNH:0
FNDA:0,(anonymous_0)
DA:4,0
DA:5,0
DA:13,0
LF:3
LH:0
BRF:0
BRH:0
end_of_record
TN:
SF:src\storage\mmkvStorage.ts
FN:10,(anonymous_0)
FN:20,(anonymous_1)
FN:30,(anonymous_2)
FNF:3
FNH:3
FNDA:13,(anonymous_0)
FNDA:4,(anonymous_1)
FNDA:1,(anonymous_2)
DA:3,2
DA:10,2
DA:11,13
DA:20,2
DA:21,4
DA:22,4
DA:23,1
DA:30,2
DA:31,1
LF:9
LH:9
BRDA:22,0,0,3
BRDA:22,0,1,1
BRDA:22,1,0,2
BRDA:22,1,1,1
BRF:4
BRH:4
end_of_record
TN:
SF:src\store\foodStore.ts
FN:37,(anonymous_0)
FN:48,(anonymous_1)
FN:53,(anonymous_2)
FN:54,(anonymous_3)
FN:63,(anonymous_4)
FN:64,(anonymous_5)
FN:65,(anonymous_6)
FN:73,(anonymous_7)
FN:74,(anonymous_8)
FN:75,(anonymous_9)
FN:85,(anonymous_10)
FN:88,(anonymous_11)
FN:89,(anonymous_12)
FN:93,(anonymous_13)
FN:96,(anonymous_14)
FN:98,(anonymous_15)
FN:108,(anonymous_16)
FNF:17
FNH:17
FNDA:4,(anonymous_0)
FNDA:1,(anonymous_1)
FNDA:5,(anonymous_2)
FNDA:5,(anonymous_3)
FNDA:1,(anonymous_4)
FNDA:1,(anonymous_5)
FNDA:1,(anonymous_6)
FNDA:1,(anonymous_7)
FNDA:1,(anonymous_8)
FNDA:1,(anonymous_9)
FNDA:1,(anonymous_10)
FNDA:2,(anonymous_11)
FNDA:2,(anonymous_12)
FNDA:1,(anonymous_13)
FNDA:2,(anonymous_14)
FNDA:2,(anonymous_15)
FNDA:4,(anonymous_16)
DA:5,1
DA:37,1
DA:38,4
DA:39,4
DA:40,4
DA:48,1
DA:54,5
DA:55,5
DA:57,5
DA:58,5
DA:64,1
DA:65,1
DA:67,1
DA:68,1
DA:74,1
DA:75,1
DA:76,1
DA:79,1
DA:80,1
DA:86,1
DA:87,1
DA:88,2
DA:89,2
DA:94,1
DA:95,1
DA:96,2
DA:98,2
DA:109,4
DA:110,4
LF:29
LH:29
BRDA:41,0,0,4
BRDA:41,0,1,4
BRDA:41,0,2,4
BRDA:50,1,0,1
BRDA:50,1,1,0
BRDA:76,2,0,1
BRDA:76,2,1,0
BRF:7
BRH:5
end_of_record
